         w __deregister_frame_info
         w __register_frame_info
         w userAppExit
         w userAppInit
00000000 00000802 B __ctru_dev_utf16_buf
00000000 b _TLS_MODULE_BASE_
00000000 a shift
00000000 a shift
00000804 00000401 B __ctru_dev_path_buf
00100000 A __start__
00100000 T _start
00100008 T __service_ptr
0010000c T __apt_appid
00100010 T __heap_size
00100014 T __linear_heap_size
00100018 T __system_arglist
0010001c T __system_runflags
00100020 t startup
00100058 t ClearMem
0010006c t ClrLoop
00100094 T _init
001000ac t .udivsi3_skip_div0_test
001000ac T __aeabi_uidiv
001000ac 000001ec T __udivsi3
00100298 00000020 T __aeabi_uidivmod
001002b8 T __aeabi_idiv
001002b8 00000220 T __divsi3
001002c0 t .divsi3_skip_div0_test
001004d8 00000020 T __aeabi_idivmod
001004f8 00000004 W __aeabi_idiv0
001004f8 00000004 W __aeabi_ldiv0
001004fc T __aeabi_drsub
00100504 000002b0 T __aeabi_dsub
00100504 000002b0 T __subdf3
00100508 000002ac T __adddf3
00100508 000002ac T __aeabi_dadd
001007b4 00000024 T __aeabi_ui2d
001007b4 00000024 T __floatunsidf
001007d8 00000028 T __aeabi_i2d
001007d8 00000028 T __floatsidf
00100800 00000048 T __aeabi_f2d
00100800 00000048 T __extendsfdf2
00100848 00000074 T __aeabi_ul2d
00100848 00000074 T __floatundidf
0010085c 00000060 T __aeabi_l2d
0010085c 00000060 T __floatdidf
001008bc T __aeabi_ldivmod
00100990 T __aeabi_uldivmod
001009e8 00000390 T strcmp
00100d70 t __do_global_dtors_aux
00100db0 t frame_dummy
00100ddc 00000060 t C2D_SpriteFromSheet
00100e3c 00000264 t sceneInit
001010a0 0000009c T prepareToRender
00101140 000008fc T main
00101a3c 00000044 t C2Di_FrameEndHook
00101a80 0000036c T C2D_Init
00101dec 0000004c T C2D_Fini
00101e38 000000b8 T C2D_Prepare
00101ef0 00000048 T C2D_Flush
00101f38 00000104 T C2D_SceneSize
0010203c 00000058 T C2D_CreateScreenTarget
00102094 00000064 T C2D_TargetClear
001020f8 0000013c T C2Di_CalcQuad
00102234 00000058 T C2Di_AppendQuad
0010228c 00000550 T C2Di_Update
001027dc 000002b0 T C2D_DrawImage
00102a8c 0000006c T C2D_SpriteSheetLoadFromHandle
00102af8 00000048 T C2D_SpriteSheetLoad
00102b40 00000028 T C2D_SpriteSheetFree
00102b68 0000002c T C2D_SpriteSheetGetImage
00102b94 00000028 T AttrInfo_Init
00102bbc 00000094 T AttrInfo_AddLoader
00102c50 00000020 T C3D_GetAttrInfo
00102c70 00000054 T C3D_SetAttrInfo
00102cc4 00000080 T C3Di_AttrInfoBind
00102d44 00000004 W C3Di_LightEnvUpdate
00102d48 00000004 W C3Di_LightEnvDirty
00102d4c 000000b4 t C3Di_AptEventHook
00102e00 00000004 W C3Di_GasUpdate
00102e04 000001d0 T C3D_Init
00102fd4 00000098 T C3D_SetViewport
0010306c 000004e8 T C3Di_UpdateContext
00103554 000000e0 T C3Di_SplitFrame
00103634 00000044 T C3D_Fini
00103678 00000194 T C3D_BindProgram
0010380c 00000024 T BufInfo_Init
00103830 00000080 T BufInfo_Add
001038b0 00000020 T C3D_GetBufInfo
001038d0 0000003c T C3D_SetBufInfo
0010390c 00000048 T C3Di_BufInfoBind
00103954 00000148 T C3D_DrawArrays
00103a9c 0000021c T C3D_DrawElements
00103cb8 00000040 T C3D_DepthMap
00103cf8 0000001c T C3D_CullFace
00103d14 00000040 T C3D_StencilTest
00103d54 00000024 T C3D_StencilOp
00103d78 0000001c T C3D_BlendingColor
00103d94 00000024 T C3D_EarlyDepthTest
00103db8 0000002c T C3D_DepthTest
00103de4 0000002c T C3D_AlphaTest
00103e10 00000050 T C3D_AlphaBlend
00103e60 00000030 T C3D_FragOpMode
00103e90 00000044 T C3D_FragOpShadow
00103ed4 000001ac T C3Di_EffectBind
00104080 000000b8 T FogLut_FromArray
00104138 000000a8 T FogLut_Exp
001041e0 0000004c T C3D_FogGasMode
0010422c 00000020 T C3D_FogColor
0010424c 00000030 T C3D_FogLutBind
0010427c 0000001c T C3D_CalcColorBufSize
00104298 0000001c T C3D_CalcDepthBufSize
001042b4 00000044 T C3D_SetFrameBuf
001042f8 0000016c T C3Di_FrameBufBind
00104464 000000c8 T C3D_FrameBufClear
0010452c 00000044 T C3D_FrameBufTransfer
00104570 000000a8 T C3D_ImmSendAttrib
00104618 00000070 T C3D_ProcTexInit
00104688 00000054 T C3D_ProcTexBind
001046dc 0000005c T C3D_ProcTexLutBind
00104738 000000a4 T ProcTexLut_FromArray
001047dc 00000178 T C3Di_ProcTexUpdate
00104954 00000068 T C3Di_ProcTexDirty
001049bc 0000004c t onVBlank0
00104a08 0000004c t onVBlank1
00104a54 00000080 t C3Di_RenderTargetDestroy
00104ad4 000000f4 t onQueueFinish
00104bc8 00000038 T C3Di_RenderQueueEnableVBlank
00104c00 00000030 T C3Di_RenderQueueDisableVBlank
00104c30 00000060 T C3Di_RenderQueueInit
00104c90 000000b4 T C3Di_RenderQueueExit
00104d44 00000034 T C3Di_RenderQueueWaitDone
00104d78 000000e8 T C3D_FrameBegin
00104e60 00000048 T C3D_FrameDrawOn
00104ea8 00000058 T C3D_FrameSplit
00104f00 000001d0 T C3D_FrameEnd
001050d0 0000001c T C3D_FrameEndHook
001050ec 00000170 T C3D_RenderTargetCreate
0010525c 000000a8 T C3D_RenderTargetSetOutput
00105304 000000fc T C3D_SyncTextureCopy
00105400 000003d8 t Tex3DSi_ImportCommon
001057d8 00000034 T Tex3DS_TextureImport
0010580c 00000038 T Tex3DS_TextureImportStdio
00105844 0000001c T Tex3DS_GetSubTexture
00105860 00000004 T Tex3DS_TextureFree
00105864 00000034 T C3D_GetTexEnv
00105898 00000024 T C3Di_TexEnvBind
001058bc 00000290 T C3D_TexInitWithParams
00105b4c 000000c8 T C3D_TexLoadImage
00105c14 00000044 T C3D_TexBind
00105c58 00000074 T C3D_TexDelete
00105ccc 0000014c T C3Di_SetTex
00105e18 00000290 T C3D_UpdateUniforms
001060a8 000000c0 T C3Di_DirtyUniforms
00106168 000000d8 T C3Di_LoadShaderUniforms
00106240 00000028 T C3Di_ClearShaderUniforms
00106268 0000012c T Mtx_LookAt
00106394 000000cc T Mtx_Ortho
00106460 000000cc T Mtx_OrthoTilt
0010652c 00000094 T Mtx_PerspTilt
001065c0 000000a4 T Mtx_RotateX
00106664 000000a0 T Mtx_RotateY
00106704 000000a4 T Mtx_Translate
001067a8 00000024 t addrMapNodeComparator(rbtree_node const*, rbtree_node const*)
001067cc 00000004 t addrMapNodeDestructor(rbtree_node*)
001067d0 00000120 T linearMemAlign
001068f0 00000008 T linearAlloc
001068f8 0000005c T linearFree
00106954 00000080 T MemPool::CoalesceRight(MemBlock*)
001069d4 0000016c T MemPool::Allocate(MemChunk&, unsigned long, int)
00106b40 000000fc T MemPool::Deallocate(MemChunk const&)
00106c3c 00000030 T MemPool::GetFreeSpace()
00106c6c 00000024 t addrMapNodeComparator(rbtree_node const*, rbtree_node const*)
00106c90 00000004 t addrMapNodeDestructor(rbtree_node*)
00106c94 0000024c T vramMemAlignAt
00106ee0 0000000c T vramAlloc
00106eec 0000000c T vramAllocAt
00106ef8 00000090 T vramFree
00106f88 0000051c t consoleHandleColorEsc
001074a4 000000b8 t consoleColorStateShift
0010755c 000001ac T consoleDrawChar
00107708 00000124 T consolePrintChar
0010782c 000006f4 T con_write
00107f20 000000fc t newRow
0010801c 0000018c T consoleInit
001081a8 000000b8 T consoleClear
00108260 000000d0 t gfxPresentFramebuffer
00108330 0000001c T gfxIsWide
0010834c 000000ec T gfxSetScreenFormat
00108438 00000010 T gfxSetDoubleBuffering
00108448 000000e0 T gfxInit
00108528 00000010 T gfxInitDefault
00108538 000000b4 T gfxExit
001085ec 000000a0 T gfxGetFramebuffer
0010868c 00000104 T gfxFlushBuffers
00108790 00000030 T gfxScreenSwapBuffers
001087c0 00000050 T gfxSwapBuffersGpu
00108810 00000074 T osConvertVirtToPhys
00108884 00000054 T osGetTimeRef
001088d8 000000ec T osGetTime
001089c4 00000034 T __ctru_speedup_config
001089f8 00000008 t romfs_close
00108a00 000000c4 t romfs_seek
00108ac4 00000024 t romfs_dirreset
00108ae8 000000c8 t fill_dir
00108bb0 000002a8 t romfs_dirnext
00108e58 00000084 t romfs_free
00108edc 000000d4 t searchForFile.constprop.0
00108fb0 000000d8 t searchForDir.constprop.0
00109088 000001c0 t navigateToDir.constprop.0
00109248 0000010c t romfs_open
00109354 0000004c t romfs_chdir
001093a0 00000070 t romfs_diropen
00109410 00000174 t romfs_stat
00109584 00000008 t romfs_dirclose
00109590 00000084 t romfs_fstat
00109614 000000d0 t romfs_read
001096e4 0000028c T romfsMountFromFile
00109970 00000098 T romfsMountFromCurrentProcess
00109a08 00000260 T romfsMountSelf
00109c68 000000a0 T romfsUnmount
00109d08 0000013c T GPUCMD_Add
00109e44 000000b0 T GPUCMD_Split
00109ef4 00000034 T f32tof16
00109f28 00000034 T f32tof24
00109f5c 00000038 T f32tof31
00109f94 00000010 T GX_BindQueue
00109fa4 00000078 T GX_ProcessCommandList
0010a01c 00000074 T GX_MemoryFill
0010a090 00000070 T GX_DisplayTransfer
0010a100 00000074 T GX_TextureCopy
0010a174 00000068 t gxCmdQueueDoCommands.part.0
0010a1dc 000000c8 T gxCmdQueueInterrupt
0010a2a4 0000004c T gxCmdQueueClear
0010a2f0 000000f8 T gxCmdQueueAdd
0010a3e8 00000080 T gxCmdQueueRun
0010a468 00000060 T gxCmdQueueStop
0010a4c8 0000008c T gxCmdQueueWait
0010a554 000001d0 T shaderInstanceInit
0010a724 00000018 T shaderInstanceGetUniformLocation
0010a73c 0000001c T shaderProgramInit
0010a758 00000064 T shaderProgramFree
0010a7bc 00000080 T shaderProgramSetVsh
0010a83c 000008e0 T shaderProgramConfigure
0010b11c 000001cc t DVLE_GenerateOutmap.part.0
0010b2e8 000001b4 T DVLB_ParseFile
0010b49c 00000038 T DVLB_Free
0010b4d4 00000074 T DVLE_GetUniformRegister
0010b548 000001ac t aptConvertScreenForCapture
0010b6f4 00000008 W aptDspSleep
0010b6fc 00000004 W aptDspWakeup
0010b700 00000004 W aptDspCancel
0010b704 00000158 T aptSendCommand
0010b860 00000044 t aptExitProcess
0010b8a4 0000038c T aptExit
0010bc30 000000e0 T aptHandleSleep
0010bd10 00000030 T aptHook
0010bd40 00000030 T aptUnhook
0010bd70 00000084 T APT_SleepIfShellClosed
0010bdf4 00000084 T aptSetSleepAllowed
0010be78 00000084 T APT_UnlockTransition
0010bf00 000004a4 t aptEventHandler
0010c3a4 000000b0 T APT_ReceiveParameter
0010c454 000000ac t aptReceiveParameter.constprop.0
0010c500 000002ac t aptScreenTransfer
0010c7ac 00000320 t aptWaitForWakeUp.isra.0
0010cacc 000000f8 T aptJumpToHomeMenu
0010cbc4 00000048 T aptMainLoop
0010cc0c 0000022c T aptInit
0010ce38 0000007c T APT_CheckNew3DS
0010ceb4 000000cc T fsInit
0010cf80 0000003c T fsExit
0010cfbc 00000060 T fsExemptFromSession
0010d01c 00000050 T fsUnexemptFromSession
0010d06c 000000cc T FSUSER_OpenFile
0010d138 000000d4 T FSUSER_OpenFileDirectly
0010d20c 000000bc T FSUSER_DeleteFile
0010d2c8 000000f8 T FSUSER_RenameFile
0010d3c0 000000bc T FSUSER_DeleteDirectory
0010d47c 000000d4 T FSUSER_CreateFile
0010d550 000000c4 T FSUSER_CreateDirectory
0010d614 000000f8 T FSUSER_RenameDirectory
0010d70c 000000b4 T FSUSER_OpenDirectory
0010d7c0 00000094 T FSUSER_OpenArchive
0010d854 0000008c T FSUSER_CloseArchive
0010d8e0 00000074 T FSUSER_GetSdmcArchiveResource
0010d954 00000064 T FSUSER_IsSdmcWritable
0010d9b8 00000058 T FSFILE_Read
0010da10 00000060 T FSFILE_Write
0010da70 00000038 T FSFILE_GetSize
0010daa8 00000028 T FSFILE_SetSize
0010dad0 0000003c T FSFILE_Close
0010db0c 00000024 T FSFILE_Flush
0010db30 00000050 T FSDIR_Read
0010db80 0000003c T FSDIR_Close
0010dbbc 00000c64 t gspHardwareInit
0010e820 00000248 T gspInit
0010ea68 000000f0 T gspExit
0010eb58 00000010 T gspHasGpuRight
0010eb68 000000a0 T gspPresentBuffer
0010ec08 00000030 T gspSetEventCallback
0010ec38 00000044 T gspWaitForEvent
0010ec7c 0000004c T gspWaitForAnyEvent
0010ecc8 00000158 t gspEventThreadMain
0010ee20 00000130 T gspSubmitGxCommand
0010ef50 00000050 T GSPGPU_FlushDataCache
0010efa0 00000034 T GSPGPU_SetLcdForceBlack
0010efd4 00000068 T GSPGPU_AcquireRight
0010f03c 00000048 T GSPGPU_ReleaseRight
0010f084 0000007c T GSPGPU_ImportDisplayCaptureInfo
0010f100 0000002c T GSPGPU_SaveVramSysArea
0010f12c 0000002c T GSPGPU_RestoreVramSysArea
0010f158 00000024 W hidShouldUseIrrst
0010f17c 0000018c T hidInit
0010f308 000000e8 T hidExit
0010f3f0 000002a4 T hidScanInput
0010f694 00000010 T hidKeysHeld
0010f6a4 00000010 T hidKeysDown
0010f6b4 00000010 T hidKeysUp
0010f6c4 00000160 T irrstInit
0010f824 000000cc T irrstExit
0010f8f0 000000b4 T irrstScanInput
0010f9a4 00000024 T irrstKeysHeld
0010f9c8 00000074 T ptmSysmInit
0010fa3c 0000003c T ptmSysmExit
0010fa78 00000034 T PTMSYSM_ConfigureNew3DSCPU
0010faac 000000c4 t buffer_read
0010fb70 000000cc t iov_read
0010fc3c 00000148 t iov_memmove
0010fd84 000001dc t decompress_rle
0010ff60 00000244 t decompress_lzss
001101a4 00000428 t decompress_lz11
001105cc 000002d4 t decompress_huff
001108a0 00000010 T decompressCallback_Stdio
001108b0 000000dc T decompressHeader
0011098c 00000240 T decompressV
00110bcc 00000074 T rbtree_find
00110c40 00000010 T rbtree_init
00110c50 000001b0 t do_insert
00110e00 00000008 T rbtree_insert
00110e08 00000318 T rbtree_remove
00111120 00000090 T rbtree_rotate
001111b0 000000e8 T utf16_to_utf8
00111298 000000c0 T utf8_to_utf16
00111358 000001e0 W __system_allocateHeaps
00111538 00000038 W __libctru_init
00111570 00000170 W __system_initArgv
001116e0 00000030 T __syscall_getreent
00111710 00000064 T __syscall_gettod_r
00111774 00000004 T __syscall_lock_acquire
00111778 00000004 T __syscall_lock_release
0011177c 00000004 T __syscall_lock_acquire_recursive
00111780 00000004 T __syscall_lock_release_recursive
00111784 00000004 T __syscall_exit
00111788 00000050 T initThreadVars
001117d8 00000080 T __system_initSyscalls
00111858 T svcControlMemory
00111878 T svcQueryMemory
001118a8 T svcExitProcess
001118b0 T svcCreateThread
001118d0 T svcExitThread
001118d8 T svcSleepThread
001118e0 T svcReleaseMutex
001118e8 T svcCreateEvent
001118fc T svcSignalEvent
00111904 T svcClearEvent
0011190c T svcMapMemoryBlock
00111914 T svcUnmapMemoryBlock
0011191c T svcCreateAddressArbiter
00111930 T svcArbitrateAddressNoTimeout
00111938 T svcCloseHandle
00111940 T svcWaitSynchronization
00111948 T svcWaitSynchronizationN
00111970 T svcDuplicateHandle
00111984 T svcGetSystemTick
0011198c T svcConnectToPort
001119a0 T svcSendSyncRequest
001119a8 T svcGetResourceLimit
001119bc T svcGetResourceLimitLimitValues
001119c4 T svcGetResourceLimitCurrentValues
001119cc T svcBreak
001119d4 T __aeabi_read_tp
001119e0 W initSystem
00111a30 W __ctru_exit
00111a44 00000084 W envGetHandle
00111ac8 00000050 W envDestroyHandles
00111b18 0000012c T srvInit
00111c44 00000058 T srvExit
00111c9c 00000060 T srvEnableNotification
00111cfc 000000a0 T srvGetServiceHandleDirect
00111d9c 00000038 T srvGetServiceHandle
00111dd4 00000034 T srvSubscribe
00111e08 00000060 T srvReceiveNotification
00111e68 00000038 T srvPublishToSubscriber
00111ea0 0000000c T __sync_init
00111eac 00000018 T __sync_fini
00111ec4 0000002c T syncArbitrateAddress
00111ef0 000000ac T LightLock_Lock
00111f9c 00000040 T LightLock_Unlock
00111fdc 00000030 T RecursiveLock_Lock
0011200c 00000054 T RecursiveLock_Unlock
00112060 00000040 T LightEvent_Init
001120a0 000000a4 T LightEvent_Clear
00112144 000000c8 T LightEvent_Signal
0011220c 00000050 T LightEvent_TryWait
0011225c 000000a0 T LightEvent_Wait
001122fc 000001d8 T threadCreate
001124d4 0000002c T threadFree
00112500 00000024 T threadJoin
00112524 00000030 T threadGetCurrent
00112554 00000040 T threadExit
00112594 00000020 t _thread_begin
001125b4 000000b4 t mappableFindAddressWithin
00112668 00000028 T mappableInit
00112690 00000080 T mappableAlloc
00112710 00000004 T mappableFree
00112714 0000000c T srvPmGetSessionHandle
00112720 0000005c T rbtree_node_next
0011277c 00000064 T decode_utf16
001127e0 0000013c T decode_utf8
0011291c 00000054 T encode_utf16
00112970 000000e0 T encode_utf8
00112a50 00000030 W __appExit
00112a80 00000030 W __appInit
00112ab0 00000090 W __libctru_exit
00112b40 00000014 t archive_link
00112b54 00000014 t archive_dirreset
00112b68 00000014 t archive_chmod
00112b7c 00000024 t error_cmp
00112ba0 00000050 t archive_translate_error
00112bf0 000000c8 t archive_seek
00112cb8 0000007c t _archiveInit.part.0
00112d34 000000c4 t archiveFindDevice.part.0
00112df8 00000280 t archive_utf16path
00113078 0000009c t _archiveUnmountDeviceStruct.part.0
00113114 00000014 t archive_fchmod
00113128 00000014 t archive_statvfs
0011313c 00000164 t _archiveMountDevice
001132a0 000000e8 t archive_diropen
00113388 000000a4 t archive_fstat
0011342c 0000006c t archive_fsync
00113498 0000006c t archive_close
00113504 00000070 t archive_dirclose
00113574 000000e8 t sdmc_statvfs
0011365c 000000ec t archive_chdir
00113748 0000007c t archive_ftruncate
001137c4 000000ac t archive_read
00113870 000000a4 t archive_unlink
00113914 000000bc t archive_rmdir
001139d0 000000dc t archive_mkdir
00113aac 00000194 t archive_stat
00113c40 00000160 t archive_dirnext
00113da0 00000124 t archive_write
00113ec4 0000020c t archive_open
001140d0 00000278 t archive_rename
00114348 0000019c T archiveMountSdmc
001144e4 00000054 T archiveUnmountAll
00114538 00000070 T tanf
001145a8 00000120 T expf
001146c8 000003ec T powf
00114ab8 00000244 T sinf
00114d00 0000022c T cosf
00114f2c 00000024 t with_errnof
00114f50 00000018 t xflowf
00114f68 0000000c T __math_uflowf
00114f74 0000000c T __math_may_uflowf
00114f80 0000000c T __math_oflowf
00114f8c 00000030 T __math_divzerof
00114fbc 0000001c T __math_invalidf
00114fd8 00000208 T __kernel_tanf
001151e0 000002c8 T __ieee754_rem_pio2f
001154a8 00000010 T fabsf
001154b8 00000844 T __kernel_rem_pio2f
00115cfc 000000c0 T floorf
00115dbc 0000012c T scalbnf
00115ee8 00000120 T __udivmoddi4
00116008 00000034 T printf
0011603c 00000020 T memalign
0011605c 0000014c T _memalign_r
001161a8 00000078 T bsearch
00116220 00000020 T calloc
00116240 000000c0 T _calloc_r
00116300 0000025c T setvbuf
0011655c 00000004 W __call_exitprocs
00116560 00000030 T exit
00116590 000000f8 T _malloc_trim_r
00116688 000002e8 T _free_r
00116970 00000130 T strchr
00116aa0 000000d8 T memcmp
00116b78 00000148 T _fclose_r
00116cc0 00000018 T fclose
00116cd8 00000018 T malloc
00116cf0 00000018 T free
00116d08 0000079c T _malloc_r
001174a4 000000f4 T memset
00117598 0000000c T __malloc_lock
001175a4 0000000c T __malloc_unlock
001175b0 0000064c t get_arg
00117c00 00003378 T _vfprintf_r
0011af78 000000b8 t __sbprintf
0011b030 00000090 T strlen
0011b0c0 0000012c T _fopen_r
0011b1ec 00000020 T fopen
0011b20c 0000022c T __sflush_r
0011b438 00000094 T _fflush_r
0011b4cc 000000e4 T strncat
0011b5b0 000000e4 T strncmp
0011b694 00000070 T _fwalk_sglue
0011b704 00000344 T _fread_r
0011ba48 00000038 T fread
0011ba80 000000c4 T strncpy
0011bb44 0000001c t stdio_exit_handler
0011bb60 0000005c t cleanup_stdio
0011bbbc 00000154 t global_stdio_init.part.0
0011bd10 00000134 T __sfp
0011be44 0000005c T __sinit
0011bea0 0000000c T __sfp_lock_acquire
0011beac 0000000c T __sfp_lock_release
0011beb8 00000048 T strnlen
0011bf00 0000001c T _fseek_r
0011bf1c 00000018 T difftime
0011bf34 000001d8 t _strtoul_l.isra.0
0011c10c 00000034 T strtoul
0011c140 00000024 T __locale_mb_cur_max
0011c164 0000004c T time
0011c1b0 00000024 T _localeconv_r
0011c1d4 000000e0 T memchr
0011c2b4 000000f0 T __utf8_wctomb
0011c3a4 0000011c T memcpy
0011c4c0 00000084 T __libc_init_array
0011c544 0000003c T __libc_fini_array
0011c580 0000000c T __errno
0011c590 00000088 T frexp
0011c618 0000012c T __smakebuf_r
0011c744 0000008c T __swhatbuf_r
0011c7d0 000000a0 T _wcrtomb_r
0011c870 00000028 T _wcsrtombs_r
0011c898 00000038 t lflush
0011c8d0 0000019c T __srefill_r
0011ca6c 00000044 T __sread
0011cab0 00000068 T __swrite
0011cb18 00000044 T __sseek
0011cb5c 00000008 T __sclose
0011cb64 0000064c t get_arg
0011d1b0 00000030 T __sprint_r
0011d1e0 00002304 T _vfiprintf_r
0011f4e4 000000b8 t __sbprintf
0011f59c 00000138 T __swsetup_r
0011f6d4 000001b4 t quorem
0011f888 00001218 T _dtoa_r
00120aa0 00000150 T memmove
00120bf0 00000590 T _fseeko_r
00121180 000000b4 T __sflags
00121234 00000088 T _Balloc
001212bc 0000001c T _Bfree
001212d8 000000f4 T __multadd
001213cc 00000060 T __hi0bits
0012142c 0000009c T __lo0bits
001214c8 000000a4 T __i2b
0012156c 00000204 T __multiply
00121770 00000128 T __pow5mult
00121898 00000140 T __lshift
001219d8 00000058 T __mcmp
00121a30 000001fc T __mdiff
00121c2c 00000124 T __d2b
00121d50 000004b4 T __sfvwrite_r
00122204 000004a0 T _realloc_r
001226a4 000002f8 T __utf8_mbtowc
0012299c 00000188 T _wcsnrtombs_l
00122b24 00000064 T _wcsnrtombs_r
00122b88 0000005c T __assert_func
00122be4 0000003c T fiprintf
00122c20 00000014 T abort
00122c34 00000090 T _raise_r
00122cc4 00000018 T raise
00122cdc 00000020 T _exit
00122cfc 0000013c T chdir
00122e38 000001cc T _concatenate_path
00123004 00000078 T _fstat_r
0012307c 00000014 T _getpid_r
00123090 0000002c T __getreent
001230bc 00000030 T _gettimeofday_r
001230ec 0000008c T __release_handle
00123178 000000b0 T __alloc_handle
00123228 0000003c T __get_handle
00123264 000000f4 T _close_r
00123358 00000008 t null_write
00123360 00000018 T setDefaultDevice
00123378 000000c8 T FindDevice
00123440 00000028 T RemoveDevice
00123468 0000009c T AddDevice
00123504 00000020 T GetDeviceOpTab
00123524 00000008 T _isatty_r
0012352c 00000014 T _kill_r
00123540 00000084 T _lseek_r
001235c4 000000bc T _open_r
00123680 00000080 T _read_r
00123700 00000078 W _sbrk_r
00123778 0000001c T __libc_lock_acquire
00123794 0000001c T __libc_lock_release
001237b0 0000001c T __libc_lock_acquire_recursive
001237cc 0000001c T __libc_lock_release_recursive
001237e8 00000080 T _write_r
00123868 00000048 T strrchr
001238b0 T _fini
00124078 00000040 r material
001240b8 00018480 r tvStand_vertex_list
0013c538 00008820 r tvDisplay_vertex_list
00144d58 0001b180 r tvBase_vertex_list
0015fed8 00013c80 r stop_vertex_list
00173b58 00000480 r road_vertex_list
00173fd8 00175200 r people_vertex_list
002e91d8 00000018 R daysAtStartOfMonthLUT
002e91f0 0000001c R weekDays
002e920c 00000030 R months
002e9254 R vshader_shbin
002e945c R vshader_shbin_end
002e945c R vshader_shbin_size
002e9460 R people_t3x
00317fc1 R people_t3x_end
00317fc4 R road_t3x
0032d4d5 R road_t3x_end
0032d4d8 R stop_t3x
0037bd05 R stop_t3x_end
0037bd08 R tvBase_t3x
0038ed91 R tvBase_t3x_end
0038ed94 R tvDisplay_t3x
0038f979 R tvDisplay_t3x_end
0038f97c R tvStand_t3x
003993d9 R tvStand_t3x_end
0039965c r .LC2
0039973c 00000008 r s_defaultTint.0
00399744 R render2d_shbin
003998d0 R render2d_shbin_end
003998d0 R render2d_shbin_size
003998d4 00000004 r depthFmtSizes
003998d8 00000005 r colorFmtSizes
003998e0 00000010 r CSWTCH.11
003998f0 00000038 r CSWTCH.19
00399928 00000080 r dotab_stdout
003999a8 00000018 r grayScale
003999c0 00000006 r colorCube
003999c8 00000030 r colorTable
003999f8 00000080 r romFS_devoptab
00399a78 00000008 r morton_y.2
00399a80 00000008 r morton_x.3
00399a88 00000008 r s_sleepWakeEvents.4
00399a90 R default_font_bin
0039a290 R default_font_bin_end
0039a290 00000030 r error_table
0039a2c0 00000080 r archive_devoptab
0039a340 00000148 R __exp2f_data
0039a488 00000060 R __inv_pio4
0039a4e8 000000e0 R __sincosf_table
0039a5c8 00000080 r npio2_hw
0039a648 00000318 r two_over_pi
0039a960 00000128 R __powf_log2_data
0039aa88 0000002c r PIo2
0039aab4 0000000c r init_jk
0039aafc 00000010 r zeroes.0
0039ab0c 00000010 r blanks.1
0039ab1c 00000101 R _ctype_
0039ac20 00000010 r zeroes.0
0039ac30 00000010 r blanks.1
0039ac40 0000006c R __action_table
0039acac 0000006c R __state_table
0039ad18 00000100 R __chclass
0039ae18 0000000c r p05.0
0039ae28 00000028 R __mprec_bigtens
0039ae50 000000c8 R __mprec_tens
0039af18 00000080 R dotab_stdnull
0039af98 R __tdata_align
0039af9c r __EH_FRAME_BEGIN__
0039af9c R __exidx_end
0039af9c R __exidx_start
0039b000 00000004 d jumpY
0039b004 00000004 d angleW
0039b008 00000004 D density
0039b00c 00000008 d framerateCounter
0039b014 00000004 d framerate
0039b018 00000001 d firstConsoleInit.0
0039b01c 00000004 D currentConsole
0039b020 00000048 D defaultConsole
0039b068 00000004 d queueLock
0039b06c 00000004 d aptChainloadDeliverArgSize
0039b070 00000004 d kCount
0039b074 00000004 d kInterval
0039b078 00000004 d kDelay
0039b07c W __stacksize__
0039b080 00000004 D __malloc_sbrk_base
0039b084 00000004 D __malloc_trim_threshold
0039b088 00000408 D __malloc_av_
0039b490 0000000c D __sglue
0039b49c 0000016c D __global_locale
0039b608 00000004 D _impure_ptr
0039b610 00000120 D _impure_data
0039b730 00000400 d _current_working_directory
0039bb30 00001000 d handles
0039cb30 0000000c d __stderr_handle
0039cb3c 0000000c d __stdout_handle
0039cb48 0000000c d __stdin_handle
0039cb54 0000008c D devoptab_list
0039cbe0 00000004 d defaultDevice
0039cbec d _GLOBAL_OFFSET_TABLE_
0039cbf8 d __frame_dummy_init_array_entry
0039cbf8 D __init_array_start
0039cbf8 B __preinit_array_end
0039cbf8 B __preinit_array_start
0039cbf8 D __tdata_lma
0039cbf8 D __tdata_lma_end
0039cbfc d __do_global_dtors_aux_fini_array_entry
0039cbfc D __fini_array_start
0039cbfc D __init_array_end
0039cc00 D __bss_start__
0039cc00 D __fini_array_end
0039cc00 00000004 b vshader_dvlb
0039cc04 00000014 b program
0039cc18 00000004 b uLoc_projection
0039cc1c 00000004 b uLoc_modelView
0039cc20 00000004 b uLoc_lightVec
0039cc24 00000004 b uLoc_lightHalfVec
0039cc28 00000004 b uLoc_lightClr
0039cc2c 00000004 b uLoc_material
0039cc30 00000040 b projection
0039cc70 00000004 b vbo_data
0039cc74 00000001 B flagExecuted
0039cc78 00000004 B target
0039cc7c 00000004 b spriteSheet
0039cc80 00000004 B initVy
0039cc84 00000004 B gravity
0039cc88 00000004 B jumpFlag
0039cc8c 00000004 B vy
0039cc90 00000004 B limitPy
0039cc94 00000018 b road_tex
0039ccac 00000018 b stop_tex
0039ccc4 00000018 b people_tex
0039ccdc 00000018 b tvBase_tex
0039ccf4 00000018 b tvDisplay_tex
0039cd0c 00000018 b tvStand_tex
0039cd24 00000004 b angleH
0039cd28 00000200 b fog_Lut
0039cf28 b completed.1
0039cf2c b object.0
0039cf48 000005a8 B __C2Di_Context
0039d4f0 00000040 b s_projBot
0039d530 00000040 b s_projTop
0039d570 00000004 b uLoc_mdlvMtx
0039d574 00000004 b uLoc_projMtx
0039d578 0000000c b hookCookie
0039d588 000002d0 B __C3D_Context
0039d858 00000004 b frameEndCbData
0039d85c 00000004 b frameEndCb
0039d860 00000008 b frameCounter
0039d868 00000001 b isTopStereo
0039d869 00000001 b needSwapBot
0039d86a 00000001 b needSwapTop
0039d86b 00000001 b measureGpuTime
0039d86c 00000001 b inSafeTransfer
0039d86d 00000001 b inFrame
0039d870 00000010 b cpuTime
0039d880 00000010 b gpuTime
0039d890 0000000c b linkedTarget
0039d89c 00000004 b lastTarget
0039d8a0 00000004 b firstTarget
0039d8a4 00000008 b C3Di_IVUnifEverDirty
0039d8ac 000000c0 b C3Di_FVUnifEverDirty
0039d96c 00000018 b C3Di_ShaderFVecData
0039d984 00000002 B C3D_BoolUnifsDirty
0039d988 00000008 B C3D_IVUnifDirty
0039d990 000000c0 B C3D_FVUnifDirty
0039da50 00000004 B C3D_BoolUnifs
0039da54 00000020 B C3D_IVUnif
0039da74 00000c00 B C3D_FVUnif
0039e678 00000008 b sLinearPool
0039e680 0000000c b sAddrMap
0039e690 00000008 b sVramPoolB
0039e698 00000008 b sVramPoolA
0039e6a0 0000000c b sAddrMap
0039e6ac 0000001c b escapeSeq
0039e6c8 00000048 B currentCopy
0039e710 00000004 b screenAlloc
0039e714 00000004 b screenFree
0039e718 00000002 b gfxIsDoubleBuf
0039e71c 00000002 b gfxCurBuf
0039e71e 00000001 b gfxIsVram
0039e71f 00000001 b gfxTopMode
0039e720 00000002 b gfxFramebufferFormats
0039e724 00000004 b gfxBottomFramebufferMaxSize
0039e728 00000004 b gfxTopFramebufferMaxSize
0039e730 00000008 b gfxBottomFramebuffers
0039e738 00000008 b gfxTopFramebuffers
0039e740 00000001 V __ctru_speedup
0039e744 00000004 b romfs_mount_list
0039e748 00000004 V __romfs_path
0039e74c 00000004 B gpuCmdBufOffset
0039e750 00000004 B gpuCmdBufSize
0039e754 00000004 B gpuCmdBuf
0039e758 00000004 b boundQueue
0039e75c 00000001 b shouldStop
0039e75d 00000001 b isRunning
0039e75e 00000001 b isActive
0039e760 00000004 b curQueue
0039e764 00000001 b flagValue.0
0039e765 00000001 b flagInit.1
0039e768 00000004 b serviceName.6
0039e76c 00000001 b aptChainloadFlags
0039e76d 00000001 b aptChainloadMediatype
0039e770 00000020 b aptChainloadHmac
0039e790 00000300 b aptChainloadDeliverArg
0039ea90 00000008 b aptChainloadTid
0039ea98 00001000 b aptParameters
0039fa98 00000004 b aptFlags
0039fa9c 00000001 b aptHomeButtonState
0039faa0 00000004 b aptMessageFuncData
0039faa4 00000004 b aptMessageFunc
0039faa8 0000000c b aptFirstHook
0039fab4 00000001 b aptEventHandlerThreadQuit
0039fab8 00000004 b aptEventHandlerThread
0039fabc 00000008 b aptSleepEvent
0039fac4 00000008 b aptReceiveEvent
0039facc 00000008 b aptEvents
0039fad4 00000004 b aptLockHandle
0039fad8 00000004 b aptRefCount
0039fae0 00000080 b fsExemptArchives
0039fb60 00000004 b fsuRefCount
0039fb64 00000004 b fsuHandle
0039fb68 00000007 b gspEventCbOneShot
0039fb70 0000001c b gspEventCbData
0039fb8c 0000001c b gspEventCb
0039fba8 00000038 b gspEvents
0039fbe0 00000004 b gspLastEvent
0039fbe4 00000001 b gspRunEvents
0039fbe8 00000004 b gspEventThread
0039fbec 00000004 b gspEvent
0039fbf0 00000001 b gspGpuRight
0039fbf1 00000001 b gspThreadId
0039fbf4 00000004 b gspSharedMem
0039fbf8 00000004 b gspSharedMemHandle
0039fbfc 00000004 b gspRefCount
0039fc00 00000004 b gspGpuHandle
0039fc04 00000001 b usingIrrst
0039fc08 00000004 b hidRefCount
0039fc0c 00000006 b gRate
0039fc14 00000006 b aVec
0039fc1c 00000004 b cPos
0039fc20 00000004 b tPos
0039fc24 00000004 b kRepeat
0039fc28 00000004 b kUp
0039fc2c 00000004 b kDown
0039fc30 00000004 b kHeld
0039fc34 00000004 b kOld
0039fc38 00000004 B hidSharedMem
0039fc3c 00000014 B hidEvents
0039fc50 00000004 B hidMemHandle
0039fc54 00000004 B hidHandle
0039fc58 00000004 b irrstRefCount
0039fc5c 00000004 b csPos
0039fc60 00000004 b kHeld
0039fc64 00000004 B irrstSharedMem
0039fc68 00000004 B irrstEvent
0039fc6c 00000004 B irrstMemHandle
0039fc70 00000004 B irrstHandle
0039fc74 00000004 b ptmSysmRefCount
0039fc78 00000004 b ptmSysmHandle
0039fc7c 00000004 V __ctru_linear_heap_size
0039fc80 00000004 V __ctru_heap_size
0039fc84 00000004 B __ctru_linear_heap
0039fc88 00000004 B __ctru_heap
0039fc8c 00000004 B __system_retAddr
0039fc90 00000004 B __system_argv
0039fc94 00000004 B __system_argc
0039fc98 b saved_stack
0039fca0 00000004 B __3dslink_host
0039fca4 00000004 b srvRefCount
0039fca8 00000004 b srvHandle
0039fcac 00000004 b arbiter
0039fcb0 00000004 b currentAddr
0039fcb4 00000004 b maxAddr
0039fcb8 00000004 b minAddr
0039fcbc 00000004 b srvPmHandle
0039fcc0 000005c0 b archive_devices
003a0280 00000004 b archive_device_cwd
003a0284 00000001 b archive_initialized
003a0288 00000028 B __malloc_current_mallinfo
003a02b0 00000004 B __malloc_max_total_mem
003a02b4 00000004 B __malloc_max_sbrked_mem
003a02b8 00000004 B __malloc_top_pad
003a02bc 0000000c b __malloc_recursive_mutex
003a02c8 0000000c b __sfp_recursive_mutex
003a02d8 00000168 B __sf
003a0440 00000004 B __stdio_exit_handler
003a0444 00000400 b temp_cwd
003a0844 00000004 b __hndl_lock
003a0848 00000004 B fake_heap_start
003a084c 00000004 B fake_heap_end
003a0850 00000004 b heap_start.0
003a0854 B __tls_start
003a145c B __bss_end__
003a145c A __end__
003a145c B __tls_end
